\BOOKMARK [1][-]{section.1}{Th\364ng tin nh\363m}{}% 1
\BOOKMARK [1][-]{section.2}{Lich s cp nht}{}% 2
\BOOKMARK [1][-]{section.3}{Ph\342n t\355ch \363ng g\363p c\341 nh\342n}{}% 3
\BOOKMARK [1][-]{section.4}{Thit k kin tr\372c v\340 h thng}{}% 4
\BOOKMARK [2][-]{subsection.4.1}{Kin tr\372c h thng}{section.4}% 5
\BOOKMARK [2][-]{subsection.4.2}{Nhn din h thng con}{section.4}% 6
\BOOKMARK [2][-]{subsection.4.3}{\301nh xa c\341c phn cua h thng vi phn cng}{section.4}% 7
\BOOKMARK [2][-]{subsection.4.4}{Lu tr d liu l\342u d\340i}{section.4}% 8
\BOOKMARK [2][-]{subsection.4.5}{Giao thc mang}{section.4}% 9
\BOOKMARK [2][-]{subsection.4.6}{Lung iu khin \(Global Control Flow\)}{section.4}% 10
\BOOKMARK [2][-]{subsection.4.7}{Y\352u cu phn cng}{section.4}% 11
\BOOKMARK [1][-]{section.5}{Biu \040lp}{}% 12
\BOOKMARK [2][-]{subsection.5.1}{Biu \040lp}{section.5}% 13
\BOOKMARK [2][-]{subsection.5.2}{\320c ta c\341c lp}{section.5}% 14
\BOOKMARK [3][-]{subsubsection.5.2.1}{Lp AccountData}{subsection.5.2}% 15
\BOOKMARK [3][-]{subsubsection.5.2.2}{Lp User-K tha lp AccountData}{subsection.5.2}% 16
\BOOKMARK [3][-]{subsubsection.5.2.3}{Lp Customer-K tha lp AccountData}{subsection.5.2}% 17
\BOOKMARK [3][-]{subsubsection.5.2.4}{Lp Payment}{subsection.5.2}% 18
\BOOKMARK [3][-]{subsubsection.5.2.5}{Lp SuatChieu}{subsection.5.2}% 19
\BOOKMARK [3][-]{subsubsection.5.2.6}{Lp Film}{subsection.5.2}% 20
\BOOKMARK [3][-]{subsubsection.5.2.7}{Lp Theater}{subsection.5.2}% 21
\BOOKMARK [3][-]{subsubsection.5.2.8}{Lp Schedule}{subsection.5.2}% 22
\BOOKMARK [3][-]{subsubsection.5.2.9}{Lp Global}{subsection.5.2}% 23
\BOOKMARK [3][-]{subsubsection.5.2.10}{Lp UserControl}{subsection.5.2}% 24
\BOOKMARK [3][-]{subsubsection.5.2.11}{Lp CustomerControl}{subsection.5.2}% 25
\BOOKMARK [3][-]{subsubsection.5.2.12}{Lp Guest}{subsection.5.2}% 26
\BOOKMARK [1][-]{section.6}{Thut to\341n v\340 cu tr\372c d liu}{}% 27
\BOOKMARK [2][-]{subsection.6.1}{C\341c thut to\341n}{section.6}% 28
\BOOKMARK [2][-]{subsection.6.2}{C\341c cu tr\372c d liu}{section.6}% 29
\BOOKMARK [1][-]{section.7}{Quan tri d \341n v\340 k hoach l\340m vic}{}% 30
\BOOKMARK [2][-]{subsection.7.1}{Tng hp \363ng g\363p t c\341c th\340nh vi\352n cua nh\363m}{section.7}% 31
\BOOKMARK [2][-]{subsection.7.2}{B\341o c\341o tin \040v\340 iu phi d \341}{section.7}% 32
\BOOKMARK [2][-]{subsection.7.3}{K hoach thc hin}{section.7}% 33
\BOOKMARK [2][-]{subsection.7.4}{Ph\342n r\343 tr\341ch nhim \(Breakdown of Responsibilities\)}{section.7}% 34
\BOOKMARK [1][-]{section.8}{Tham khao}{}% 35
